<?xml version="1.0" encoding="UTF-8"?>
<!-- Generated by org.testng.reporters.JUnitReportReporter -->
<testsuite skipped="0" hostname="DESKTOP-D5J94BA" name="testcases.testcase" tests="1" failures="0" timestamp="2020-02-08T21:55:35 IST" time="13.514" errors="0">
  <testcase name="runlogin" time="13.514" classname="testcases.testcase"/>
</testsuite> <!-- testcases.testcase -->
